<?xml version="1.0" encoding="UTF-8"?>
<!-- Generated by org.testng.reporters.JUnitReportReporter -->
<testsuite hostname="LAPTOP-APP06KDG" failures="0" tests="1" name="com.naveenautomationlabs.AutomationFramework.AccountLoginTest" time="7.889" errors="0" timestamp="2023-07-14T07:56:18 EDT" skipped="0">
  <testcase classname="com.naveenautomationlabs.AutomationFramework.AccountLoginTest" name="validateLoginUsingValidCredentials" time="7.889"/>
</testsuite> <!-- com.naveenautomationlabs.AutomationFramework.AccountLoginTest -->
