<?xml version="1.0" encoding="UTF-8"?>
<!-- Generated by org.testng.reporters.JUnitReportReporter -->
<testsuite hostname="LAPTOP-APP06KDG" failures="0" tests="5" name="com.naveenautomationlabs.AutomationFramework.YourStoreTest" time="7.414" errors="0" timestamp="2023-07-11T17:03:36 EDT" skipped="4">
  <testcase classname="com.naveenautomationlabs.AutomationFramework.YourStoreTest" name="validateLoginUsingValidCredentials" time="7.414"/>
  <testcase classname="com.naveenautomationlabs.AutomationFramework.YourStoreTest" name="testFailure">
    <skipped/>
  </testcase> <!-- testFailure -->
  <testcase classname="com.naveenautomationlabs.AutomationFramework.YourStoreTest" name="validateAddToWishList">
    <skipped/>
  </testcase> <!-- validateAddToWishList -->
  <testcase classname="com.naveenautomationlabs.AutomationFramework.YourStoreTest" name="validateSearchProduct">
    <skipped/>
  </testcase> <!-- validateSearchProduct -->
  <testcase classname="com.naveenautomationlabs.AutomationFramework.YourStoreTest" name="testMovingDots">
    <skipped/>
  </testcase> <!-- testMovingDots -->
</testsuite> <!-- com.naveenautomationlabs.AutomationFramework.YourStoreTest -->
