<?xml version="1.0" encoding="UTF-8"?>
<!-- Generated by org.testng.reporters.JUnitReportReporter -->
<testsuite hostname="LAPTOP-APP06KDG" failures="0" tests="1" name="com.naveenautomationlabs.AutomationFramework.AccountLoginTest" time="10.628" errors="0" timestamp="2023-07-11T17:03:36 EDT" skipped="0">
  <testcase classname="com.naveenautomationlabs.AutomationFramework.AccountLoginTest" name="validateLoginUsingValidCredentials" time="10.628"/>
</testsuite> <!-- com.naveenautomationlabs.AutomationFramework.AccountLoginTest -->
