<?xml version="1.0" encoding="UTF-8"?>
<!-- Generated by org.testng.reporters.JUnitReportReporter -->
<testsuite hostname="LAPTOP-APP06KDG" failures="0" tests="1" name="com.naveenautomationlabs.AutomationFramework.WishListTest" time="7.718" errors="0" timestamp="2023-07-11T10:21:15 EDT" skipped="0">
  <testcase classname="com.naveenautomationlabs.AutomationFramework.WishListTest" name="test2" time="7.718"/>
</testsuite> <!-- com.naveenautomationlabs.AutomationFramework.WishListTest -->
